[debug] [2026-03-14T14:27:44.905Z] ----------------------------------------------------------------------
[debug] [2026-03-14T14:27:44.910Z] Command:       C:\Program Files\nodejs\node.exe C:\Users\Admin\AppData\Roaming\npm\node_modules\firebase-tools\lib\bin\firebase.js init
[debug] [2026-03-14T14:27:44.911Z] CLI Version:   15.10.0
[debug] [2026-03-14T14:27:44.911Z] Platform:      win32
[debug] [2026-03-14T14:27:44.911Z] Node Version:  v24.14.0
[debug] [2026-03-14T14:27:44.911Z] Time:          Sat Mar 14 2026 19:57:44 GMT+0530 (India Standard Time)
[debug] [2026-03-14T14:27:44.911Z] ----------------------------------------------------------------------
[debug] 
[info] 
     ######## #### ########  ######## ########     ###     ######  ########
     ##        ##  ##     ## ##       ##     ##  ##   ##  ##       ##
     ######    ##  ########  ######   ########  #########  ######  ######
     ##        ##  ##    ##  ##       ##     ## ##     ##       ## ##
     ##       #### ##     ## ######## ########  ##     ##  ######  ########

You're about to initialize a Firebase project in this directory:

  D:\Coding\PocketDay

[info] 
=== Project Setup
[info] 
[info] First, let's associate this project directory with a Firebase project.
[info] You can create multiple project aliases by running firebase use --add, 
[info] 
[debug] [2026-03-14T14:27:57.295Z] > command requires scopes: ["email","openid","https://www.googleapis.com/auth/cloudplatformprojects.readonly","https://www.googleapis.com/auth/firebase","https://www.googleapis.com/auth/cloud-platform"]
[debug] [2026-03-14T14:27:57.295Z] > authorizing via signed-in user (welkince.dev@gmail.com)
[debug] [2026-03-14T14:27:57.296Z] Checked if tokens are valid: true, expires at: 1773502026132
[debug] [2026-03-14T14:27:57.296Z] Checked if tokens are valid: true, expires at: 1773502026132
[debug] [2026-03-14T14:27:57.297Z] >>> [apiv2][query] GET https://firebase.googleapis.com/v1beta1/projects/pocketday-6dfbe [none]
[debug] [2026-03-14T14:27:57.900Z] <<< [apiv2][status] GET https://firebase.googleapis.com/v1beta1/projects/pocketday-6dfbe 200
[debug] [2026-03-14T14:27:57.900Z] <<< [apiv2][body] GET https://firebase.googleapis.com/v1beta1/projects/pocketday-6dfbe {"projectId":"pocketday-6dfbe","projectNumber":"199820187736","displayName":"pocketDay","name":"projects/pocketday-6dfbe","resources":{"hostingSite":"pocketday-6dfbe"},"state":"ACTIVE","etag":"1_77d59863-b3ad-416a-8262-4afca563f23e"}
[info] i  Using project pocketday-6dfbe (pocketDay) . 
[info] 
=== Hosting Setup
[debug] [2026-03-14T14:27:57.912Z] Checked if tokens are valid: true, expires at: 1773502026132
[debug] [2026-03-14T14:27:57.912Z] Checked if tokens are valid: true, expires at: 1773502026132
[debug] [2026-03-14T14:27:57.912Z] >>> [apiv2][query] GET https://firebase.googleapis.com/v1beta1/projects/pocketday-6dfbe [none]
[debug] [2026-03-14T14:27:58.513Z] <<< [apiv2][status] GET https://firebase.googleapis.com/v1beta1/projects/pocketday-6dfbe 200
[debug] [2026-03-14T14:27:58.513Z] <<< [apiv2][body] GET https://firebase.googleapis.com/v1beta1/projects/pocketday-6dfbe {"projectId":"pocketday-6dfbe","projectNumber":"199820187736","displayName":"pocketDay","name":"projects/pocketday-6dfbe","resources":{"hostingSite":"pocketday-6dfbe"},"state":"ACTIVE","etag":"1_77d59863-b3ad-416a-8262-4afca563f23e"}
[info] 
[info] Your public directory is the folder (relative to your project directory) that
[info] will contain Hosting assets to be uploaded with firebase deploy. If you
[info] have a build process for your assets, use your build's output directory.
[info] 
