[debug] [2026-03-14T14:20:04.201Z] ----------------------------------------------------------------------
[debug] [2026-03-14T14:20:04.227Z] Command:       C:\Program Files\nodejs\node.exe C:\Users\Admin\AppData\Roaming\npm\node_modules\firebase-tools\lib\bin\firebase.js login
[debug] [2026-03-14T14:20:04.228Z] CLI Version:   15.10.0
[debug] [2026-03-14T14:20:04.228Z] Platform:      win32
[debug] [2026-03-14T14:20:04.228Z] Node Version:  v24.14.0
[debug] [2026-03-14T14:20:04.228Z] Time:          Sat Mar 14 2026 19:50:04 GMT+0530 (India Standard Time)
[debug] [2026-03-14T14:20:04.228Z] ----------------------------------------------------------------------
[debug] 
[debug] [2026-03-14T14:20:04.230Z] >>> [apiv2][query] GET https://firebase-public.firebaseio.com/cli.json [none]
[info] Already logged in as welkince.dev@gmail.com
[debug] [2026-03-14T14:20:09.654Z] Error: Timed out.
    at Timeout._onTimeout (C:\Users\Admin\AppData\Roaming\npm\node_modules\firebase-tools\lib\utils.js:308:49)
    at listOnTimeout (node:internal/timers:605:17)
    at process.processTimers (node:internal/timers:541:7)
[error] 
[error] Error: An unexpected error has occurred.
[debug] [2026-03-14T14:20:11.690Z] ----------------------------------------------------------------------
[debug] [2026-03-14T14:20:11.692Z] Command:       C:\Program Files\nodejs\node.exe C:\Users\Admin\AppData\Roaming\npm\node_modules\firebase-tools\lib\bin\firebase.js init
[debug] [2026-03-14T14:20:11.692Z] CLI Version:   15.10.0
[debug] [2026-03-14T14:20:11.692Z] Platform:      win32
[debug] [2026-03-14T14:20:11.693Z] Node Version:  v24.14.0
[debug] [2026-03-14T14:20:11.693Z] Time:          Sat Mar 14 2026 19:50:11 GMT+0530 (India Standard Time)
[debug] [2026-03-14T14:20:11.693Z] ----------------------------------------------------------------------
[debug] 
[debug] [2026-03-14T14:20:11.695Z] >>> [apiv2][query] GET https://firebase-public.firebaseio.com/cli.json [none]
[info] 
     ######## #### ########  ######## ########     ###     ######  ########
     ##        ##  ##     ## ##       ##     ##  ##   ##  ##       ##
     ######    ##  ########  ######   ########  #########  ######  ######
     ##        ##  ##    ##  ##       ##     ## ##     ##       ## ##
     ##       #### ##     ## ######## ########  ##     ##  ######  ########

You're about to initialize a Firebase project in this directory:

  D:\Coding\PocketDay\public\scripts

[debug] [2026-03-14T14:20:15.002Z] <<< [apiv2][status] GET https://firebase-public.firebaseio.com/cli.json 200
[debug] [2026-03-14T14:20:15.002Z] <<< [apiv2][body] GET https://firebase-public.firebaseio.com/cli.json {"cloudBuildErrorAfter":1594252800000,"cloudBuildWarnAfter":1590019200000,"defaultNode10After":1594252800000,"minVersion":"3.0.5","node8DeploysDisabledAfter":1613390400000,"node8RuntimeDisabledAfter":1615809600000,"node8WarnAfter":1600128000000}
